Files:             1199
Lines:           387500
Nodes:          1103764
Identifiers:     391304
Symbols:         482244
Types:           200783
Instantiations:  810017
Memory used:    673861K
I/O read:         0.06s
I/O write:        0.00s
Parse time:       2.03s
Bind time:        0.59s
Check time:       6.47s
Emit time:        0.43s
Total time:       9.52s
Files:              862
Lines:           376193
Nodes:          1041130
Identifiers:     355508
Symbols:         277203
Types:            28072
Instantiations:  468226
Memory used:    711146K
I/O read:         0.00s
I/O write:        0.00s
Parse time:       0.27s
Bind time:        0.05s
Check time:       1.92s
Emit time:        0.09s
Total time:       2.32s
Files:             1125
Lines:           404499
Nodes:          1180820
Identifiers:     400976
Symbols:         358094
Types:            51682
Instantiations:  690992
Memory used:    901525K
I/O read:         0.01s
I/O write:        0.00s
Parse time:       0.33s
Bind time:        0.13s
Check time:       2.90s
Emit time:        0.00s
Total time:       3.37s
