Files:             1199
Lines:           387500
Nodes:          1103764
Identifiers:     391304
Symbols:         482244
Types:           200783
Instantiations:  810017
Memory used:    672267K
I/O read:         0.27s
I/O write:        0.08s
Parse time:       5.42s
Bind time:        1.40s
Check time:      13.30s
Emit time:        1.01s
Total time:      21.13s
Files:              862
Lines:           376193
Nodes:          1041130
Identifiers:     355508
Symbols:         277203
Types:            28072
Instantiations:  468226
Memory used:    698324K
I/O read:         0.01s
I/O write:        0.03s
Parse time:       1.09s
Bind time:        0.10s
Check time:       4.15s
Emit time:        0.20s
Total time:       5.53s
Files:             1125
Lines:           404499
Nodes:          1180820
Identifiers:     400976
Symbols:         358094
Types:            51682
Instantiations:  690992
Memory used:    869271K
I/O read:         0.04s
I/O write:        0.00s
Parse time:       1.25s
Bind time:        0.24s
Check time:       6.07s
Emit time:        0.00s
Total time:       7.57s
